../processed_data/Twitter_src35_conv100_tgt10_v30000.train.1.pt
hi
Stage 1: Keys after executing optim.set_parameters(model.parameters())
optim.optimizer.state_dict()['state'] keys: 
optim.optimizer.state_dict()['param_groups'] elements: 
optim.optimizer.state_dict()['param_groups'] element: {'lr': 0.001, 'betas': [0.9, 0.999], 'eps': 1e-09, 'weight_decay': 0, 'amsgrad': False, 'params': [0, 1, 2, 3, 4, 5, 6, 7, 8, 9, 10, 11, 12, 13, 14, 15, 16, 17, 18, 19, 20, 21, 22, 23, 24, 25, 26, 27, 28]}
../processed_data/Twitter_src35_conv100_tgt10_v30000.train.1.pt
hi
../processed_data/Twitter_src35_conv100_tgt10_v30000.valid.1.pt
hi
Saving model into saved_models/Twitter_BiAttEncoder_rnn_200emb_seed100_acc_47.58_ppl_35.65_e1.pt
../processed_data/Twitter_src35_conv100_tgt10_v30000.train.1.pt
hi
../processed_data/Twitter_src35_conv100_tgt10_v30000.valid.1.pt
hi
Saving model into saved_models/Twitter_BiAttEncoder_rnn_200emb_seed100_acc_53.53_ppl_22.24_e2.pt
../processed_data/Twitter_src35_conv100_tgt10_v30000.train.1.pt
hi
../processed_data/Twitter_src35_conv100_tgt10_v30000.valid.1.pt
hi
Saving model into saved_models/Twitter_BiAttEncoder_rnn_200emb_seed100_acc_54.61_ppl_22.22_e3.pt
../processed_data/Twitter_src35_conv100_tgt10_v30000.train.1.pt
hi
../processed_data/Twitter_src35_conv100_tgt10_v30000.valid.1.pt
hi
Saving model into saved_models/Twitter_BiAttEncoder_rnn_200emb_seed100_acc_54.34_ppl_25.56_e4.pt
../processed_data/Twitter_src35_conv100_tgt10_v30000.train.1.pt
hi
../processed_data/Twitter_src35_conv100_tgt10_v30000.valid.1.pt
hi
Saving model into saved_models/Twitter_BiAttEncoder_rnn_200emb_seed100_acc_54.35_ppl_28.02_e5.pt
../processed_data/Twitter_src35_conv100_tgt10_v30000.train.1.pt
hi
../processed_data/Twitter_src35_conv100_tgt10_v30000.valid.1.pt
hi
Saving model into saved_models/Twitter_BiAttEncoder_rnn_200emb_seed100_acc_54.04_ppl_30.95_e6.pt
../processed_data/Twitter_src35_conv100_tgt10_v30000.train.1.pt
hi
../processed_data/Twitter_src35_conv100_tgt10_v30000.valid.1.pt
hi
Saving model into saved_models/Twitter_BiAttEncoder_rnn_200emb_seed100_acc_53.81_ppl_32.62_e7.pt
../processed_data/Twitter_src35_conv100_tgt10_v30000.train.1.pt
hi
../processed_data/Twitter_src35_conv100_tgt10_v30000.valid.1.pt
hi
Saving model into saved_models/Twitter_BiAttEncoder_rnn_200emb_seed100_acc_53.71_ppl_33.62_e8.pt
../processed_data/Twitter_src35_conv100_tgt10_v30000.train.1.pt
hi
../processed_data/Twitter_src35_conv100_tgt10_v30000.valid.1.pt
hi
Saving model into saved_models/Twitter_BiAttEncoder_rnn_200emb_seed100_acc_53.76_ppl_34.21_e9.pt
../processed_data/Twitter_src35_conv100_tgt10_v30000.train.1.pt
hi
../processed_data/Twitter_src35_conv100_tgt10_v30000.valid.1.pt
hi
Saving model into saved_models/Twitter_BiAttEncoder_rnn_200emb_seed100_acc_53.75_ppl_34.54_e10.pt
../processed_data/Twitter_src35_conv100_tgt10_v30000.train.1.pt
hi
../processed_data/Twitter_src35_conv100_tgt10_v30000.valid.1.pt
hi
Saving model into saved_models/Twitter_BiAttEncoder_rnn_200emb_seed100_acc_53.73_ppl_34.70_e11.pt
../processed_data/Twitter_src35_conv100_tgt10_v30000.train.1.pt
hi
../processed_data/Twitter_src35_conv100_tgt10_v30000.valid.1.pt
hi
Saving model into saved_models/Twitter_BiAttEncoder_rnn_200emb_seed100_acc_53.71_ppl_34.78_e12.pt
../processed_data/Twitter_src35_conv100_tgt10_v30000.train.1.pt
hi
../processed_data/Twitter_src35_conv100_tgt10_v30000.valid.1.pt
hi
Saving model into saved_models/Twitter_BiAttEncoder_rnn_200emb_seed100_acc_53.68_ppl_34.81_e13.pt
